ERROR JavaFX Application Thread de.hitec.nhplus.controller.AllTreatmentController - SQL had some problems
java.sql.SQLException: ha ha 
	at de.hitec.nhplus/de.hitec.nhplus.controller.AllTreatmentController.createComboBoxData(AllTreatmentController.java:102)
	at de.hitec.nhplus/de.hitec.nhplus.controller.AllTreatmentController.initialize(AllTreatmentController.java:81)
	at java.base/jdk.internal.reflect.DirectMethodHandleAccessor.invoke(DirectMethodHandleAccessor.java:103)
	at java.base/java.lang.reflect.Method.invoke(Method.java:580)
	at com.sun.javafx.reflect.Trampoline.invoke(MethodUtil.java:72)
	at java.base/jdk.internal.reflect.DirectMethodHandleAccessor.invoke(DirectMethodHandleAccessor.java:103)
	at java.base/java.lang.reflect.Method.invoke(Method.java:580)
	at javafx.base@20.0.1/com.sun.javafx.reflect.MethodUtil.invoke(MethodUtil.java:270)
	at javafx.fxml@20.0.1/com.sun.javafx.fxml.MethodHelper.invoke(MethodHelper.java:84)
	at javafx.fxml@20.0.1/javafx.fxml.FXMLLoader.loadImpl(FXMLLoader.java:2688)
	at javafx.fxml@20.0.1/javafx.fxml.FXMLLoader.loadImpl(FXMLLoader.java:2563)
	at javafx.fxml@20.0.1/javafx.fxml.FXMLLoader.load(FXMLLoader.java:2531)
	at de.hitec.nhplus/de.hitec.nhplus.controller.MainWindowController.handleShowAllTreatments(MainWindowController.java:30)
	at java.base/jdk.internal.reflect.DirectMethodHandleAccessor.invoke(DirectMethodHandleAccessor.java:103)
	at java.base/java.lang.reflect.Method.invoke(Method.java:580)
	at com.sun.javafx.reflect.Trampoline.invoke(MethodUtil.java:72)
	at java.base/jdk.internal.reflect.DirectMethodHandleAccessor.invoke(DirectMethodHandleAccessor.java:103)
	at java.base/java.lang.reflect.Method.invoke(Method.java:580)
	at javafx.base@20.0.1/com.sun.javafx.reflect.MethodUtil.invoke(MethodUtil.java:270)
	at javafx.fxml@20.0.1/com.sun.javafx.fxml.MethodHelper.invoke(MethodHelper.java:84)
	at javafx.fxml@20.0.1/javafx.fxml.FXMLLoader$MethodHandler.invoke(FXMLLoader.java:1853)
	at javafx.fxml@20.0.1/javafx.fxml.FXMLLoader$ControllerMethodEventHandler.handle(FXMLLoader.java:1726)
	at javafx.base@20.0.1/com.sun.javafx.event.CompositeEventHandler.dispatchBubblingEvent(CompositeEventHandler.java:86)
	at javafx.base@20.0.1/com.sun.javafx.event.EventHandlerManager.dispatchBubblingEvent(EventHandlerManager.java:232)
	at javafx.base@20.0.1/com.sun.javafx.event.EventHandlerManager.dispatchBubblingEvent(EventHandlerManager.java:189)
	at javafx.base@20.0.1/com.sun.javafx.event.CompositeEventDispatcher.dispatchBubblingEvent(CompositeEventDispatcher.java:59)
	at javafx.base@20.0.1/com.sun.javafx.event.BasicEventDispatcher.dispatchEvent(BasicEventDispatcher.java:58)
	at javafx.base@20.0.1/com.sun.javafx.event.EventDispatchChainImpl.dispatchEvent(EventDispatchChainImpl.java:114)
	at javafx.base@20.0.1/com.sun.javafx.event.BasicEventDispatcher.dispatchEvent(BasicEventDispatcher.java:56)
	at javafx.base@20.0.1/com.sun.javafx.event.EventDispatchChainImpl.dispatchEvent(EventDispatchChainImpl.java:114)
	at javafx.base@20.0.1/com.sun.javafx.event.BasicEventDispatcher.dispatchEvent(BasicEventDispatcher.java:56)
	at javafx.base@20.0.1/com.sun.javafx.event.EventDispatchChainImpl.dispatchEvent(EventDispatchChainImpl.java:114)
	at javafx.base@20.0.1/com.sun.javafx.event.EventUtil.fireEventImpl(EventUtil.java:74)
	at javafx.base@20.0.1/com.sun.javafx.event.EventUtil.fireEvent(EventUtil.java:49)
	at javafx.base@20.0.1/javafx.event.Event.fireEvent(Event.java:198)
	at javafx.graphics@20.0.1/javafx.scene.Node.fireEvent(Node.java:8944)
	at javafx.controls@20.0.1/javafx.scene.control.Button.fire(Button.java:203)
	at javafx.controls@20.0.1/com.sun.javafx.scene.control.behavior.ButtonBehavior.mouseReleased(ButtonBehavior.java:207)
	at javafx.controls@20.0.1/com.sun.javafx.scene.control.inputmap.InputMap.handle(InputMap.java:274)
	at javafx.base@20.0.1/com.sun.javafx.event.CompositeEventHandler$NormalEventHandlerRecord.handleBubblingEvent(CompositeEventHandler.java:247)
	at javafx.base@20.0.1/com.sun.javafx.event.CompositeEventHandler.dispatchBubblingEvent(CompositeEventHandler.java:80)
	at javafx.base@20.0.1/com.sun.javafx.event.EventHandlerManager.dispatchBubblingEvent(EventHandlerManager.java:232)
	at javafx.base@20.0.1/com.sun.javafx.event.EventHandlerManager.dispatchBubblingEvent(EventHandlerManager.java:189)
	at javafx.base@20.0.1/com.sun.javafx.event.CompositeEventDispatcher.dispatchBubblingEvent(CompositeEventDispatcher.java:59)
	at javafx.base@20.0.1/com.sun.javafx.event.BasicEventDispatcher.dispatchEvent(BasicEventDispatcher.java:58)
	at javafx.base@20.0.1/com.sun.javafx.event.EventDispatchChainImpl.dispatchEvent(EventDispatchChainImpl.java:114)
	at javafx.base@20.0.1/com.sun.javafx.event.BasicEventDispatcher.dispatchEvent(BasicEventDispatcher.java:56)
	at javafx.base@20.0.1/com.sun.javafx.event.EventDispatchChainImpl.dispatchEvent(EventDispatchChainImpl.java:114)
	at javafx.base@20.0.1/com.sun.javafx.event.BasicEventDispatcher.dispatchEvent(BasicEventDispatcher.java:56)
	at javafx.base@20.0.1/com.sun.javafx.event.EventDispatchChainImpl.dispatchEvent(EventDispatchChainImpl.java:114)
	at javafx.base@20.0.1/com.sun.javafx.event.EventUtil.fireEventImpl(EventUtil.java:74)
	at javafx.base@20.0.1/com.sun.javafx.event.EventUtil.fireEvent(EventUtil.java:54)
	at javafx.base@20.0.1/javafx.event.Event.fireEvent(Event.java:198)
	at javafx.graphics@20.0.1/javafx.scene.Scene$MouseHandler.process(Scene.java:3980)
	at javafx.graphics@20.0.1/javafx.scene.Scene.processMouseEvent(Scene.java:1890)
	at javafx.graphics@20.0.1/javafx.scene.Scene$ScenePeerListener.mouseEvent(Scene.java:2704)
	at javafx.graphics@20.0.1/com.sun.javafx.tk.quantum.GlassViewEventHandler$MouseEventNotification.run(GlassViewEventHandler.java:411)
	at javafx.graphics@20.0.1/com.sun.javafx.tk.quantum.GlassViewEventHandler$MouseEventNotification.run(GlassViewEventHandler.java:301)
	at java.base/java.security.AccessController.doPrivileged(AccessController.java:400)
	at javafx.graphics@20.0.1/com.sun.javafx.tk.quantum.GlassViewEventHandler.lambda$handleMouseEvent$2(GlassViewEventHandler.java:450)
	at javafx.graphics@20.0.1/com.sun.javafx.tk.quantum.QuantumToolkit.runWithoutRenderLock(QuantumToolkit.java:424)
	at javafx.graphics@20.0.1/com.sun.javafx.tk.quantum.GlassViewEventHandler.handleMouseEvent(GlassViewEventHandler.java:449)
	at javafx.graphics@20.0.1/com.sun.glass.ui.View.handleMouseEvent(View.java:551)
	at javafx.graphics@20.0.1/com.sun.glass.ui.View.notifyMouse(View.java:937)
	at javafx.graphics@20.0.1/com.sun.glass.ui.win.WinApplication._runLoop(Native Method)
	at javafx.graphics@20.0.1/com.sun.glass.ui.win.WinApplication.lambda$runLoop$3(WinApplication.java:185)
	at java.base/java.lang.Thread.run(Thread.java:1570)
ERROR JavaFX Application Thread de.hitec.nhplus.controller.AllTreatmentController - SQL had some problems
java.sql.SQLException: ha ha 
	at de.hitec.nhplus/de.hitec.nhplus.controller.AllTreatmentController.createComboBoxData(AllTreatmentController.java:102)
	at de.hitec.nhplus/de.hitec.nhplus.controller.AllTreatmentController.initialize(AllTreatmentController.java:81)
	at java.base/jdk.internal.reflect.DirectMethodHandleAccessor.invoke(DirectMethodHandleAccessor.java:103)
	at java.base/java.lang.reflect.Method.invoke(Method.java:580)
	at com.sun.javafx.reflect.Trampoline.invoke(MethodUtil.java:72)
	at java.base/jdk.internal.reflect.DirectMethodHandleAccessor.invoke(DirectMethodHandleAccessor.java:103)
	at java.base/java.lang.reflect.Method.invoke(Method.java:580)
	at javafx.base@20.0.1/com.sun.javafx.reflect.MethodUtil.invoke(MethodUtil.java:270)
	at javafx.fxml@20.0.1/com.sun.javafx.fxml.MethodHelper.invoke(MethodHelper.java:84)
	at javafx.fxml@20.0.1/javafx.fxml.FXMLLoader.loadImpl(FXMLLoader.java:2688)
	at javafx.fxml@20.0.1/javafx.fxml.FXMLLoader.loadImpl(FXMLLoader.java:2563)
	at javafx.fxml@20.0.1/javafx.fxml.FXMLLoader.load(FXMLLoader.java:2531)
	at de.hitec.nhplus/de.hitec.nhplus.controller.MainWindowController.handleShowAllTreatments(MainWindowController.java:30)
	at java.base/jdk.internal.reflect.DirectMethodHandleAccessor.invoke(DirectMethodHandleAccessor.java:103)
	at java.base/java.lang.reflect.Method.invoke(Method.java:580)
	at com.sun.javafx.reflect.Trampoline.invoke(MethodUtil.java:72)
	at java.base/jdk.internal.reflect.DirectMethodHandleAccessor.invoke(DirectMethodHandleAccessor.java:103)
	at java.base/java.lang.reflect.Method.invoke(Method.java:580)
	at javafx.base@20.0.1/com.sun.javafx.reflect.MethodUtil.invoke(MethodUtil.java:270)
	at javafx.fxml@20.0.1/com.sun.javafx.fxml.MethodHelper.invoke(MethodHelper.java:84)
	at javafx.fxml@20.0.1/javafx.fxml.FXMLLoader$MethodHandler.invoke(FXMLLoader.java:1853)
	at javafx.fxml@20.0.1/javafx.fxml.FXMLLoader$ControllerMethodEventHandler.handle(FXMLLoader.java:1726)
	at javafx.base@20.0.1/com.sun.javafx.event.CompositeEventHandler.dispatchBubblingEvent(CompositeEventHandler.java:86)
	at javafx.base@20.0.1/com.sun.javafx.event.EventHandlerManager.dispatchBubblingEvent(EventHandlerManager.java:232)
	at javafx.base@20.0.1/com.sun.javafx.event.EventHandlerManager.dispatchBubblingEvent(EventHandlerManager.java:189)
	at javafx.base@20.0.1/com.sun.javafx.event.CompositeEventDispatcher.dispatchBubblingEvent(CompositeEventDispatcher.java:59)
	at javafx.base@20.0.1/com.sun.javafx.event.BasicEventDispatcher.dispatchEvent(BasicEventDispatcher.java:58)
	at javafx.base@20.0.1/com.sun.javafx.event.EventDispatchChainImpl.dispatchEvent(EventDispatchChainImpl.java:114)
	at javafx.base@20.0.1/com.sun.javafx.event.BasicEventDispatcher.dispatchEvent(BasicEventDispatcher.java:56)
	at javafx.base@20.0.1/com.sun.javafx.event.EventDispatchChainImpl.dispatchEvent(EventDispatchChainImpl.java:114)
	at javafx.base@20.0.1/com.sun.javafx.event.BasicEventDispatcher.dispatchEvent(BasicEventDispatcher.java:56)
	at javafx.base@20.0.1/com.sun.javafx.event.EventDispatchChainImpl.dispatchEvent(EventDispatchChainImpl.java:114)
	at javafx.base@20.0.1/com.sun.javafx.event.EventUtil.fireEventImpl(EventUtil.java:74)
	at javafx.base@20.0.1/com.sun.javafx.event.EventUtil.fireEvent(EventUtil.java:49)
	at javafx.base@20.0.1/javafx.event.Event.fireEvent(Event.java:198)
	at javafx.graphics@20.0.1/javafx.scene.Node.fireEvent(Node.java:8944)
	at javafx.controls@20.0.1/javafx.scene.control.Button.fire(Button.java:203)
	at javafx.controls@20.0.1/com.sun.javafx.scene.control.behavior.ButtonBehavior.mouseReleased(ButtonBehavior.java:207)
	at javafx.controls@20.0.1/com.sun.javafx.scene.control.inputmap.InputMap.handle(InputMap.java:274)
	at javafx.base@20.0.1/com.sun.javafx.event.CompositeEventHandler$NormalEventHandlerRecord.handleBubblingEvent(CompositeEventHandler.java:247)
	at javafx.base@20.0.1/com.sun.javafx.event.CompositeEventHandler.dispatchBubblingEvent(CompositeEventHandler.java:80)
	at javafx.base@20.0.1/com.sun.javafx.event.EventHandlerManager.dispatchBubblingEvent(EventHandlerManager.java:232)
	at javafx.base@20.0.1/com.sun.javafx.event.EventHandlerManager.dispatchBubblingEvent(EventHandlerManager.java:189)
	at javafx.base@20.0.1/com.sun.javafx.event.CompositeEventDispatcher.dispatchBubblingEvent(CompositeEventDispatcher.java:59)
	at javafx.base@20.0.1/com.sun.javafx.event.BasicEventDispatcher.dispatchEvent(BasicEventDispatcher.java:58)
	at javafx.base@20.0.1/com.sun.javafx.event.EventDispatchChainImpl.dispatchEvent(EventDispatchChainImpl.java:114)
	at javafx.base@20.0.1/com.sun.javafx.event.BasicEventDispatcher.dispatchEvent(BasicEventDispatcher.java:56)
	at javafx.base@20.0.1/com.sun.javafx.event.EventDispatchChainImpl.dispatchEvent(EventDispatchChainImpl.java:114)
	at javafx.base@20.0.1/com.sun.javafx.event.BasicEventDispatcher.dispatchEvent(BasicEventDispatcher.java:56)
	at javafx.base@20.0.1/com.sun.javafx.event.EventDispatchChainImpl.dispatchEvent(EventDispatchChainImpl.java:114)
	at javafx.base@20.0.1/com.sun.javafx.event.EventUtil.fireEventImpl(EventUtil.java:74)
	at javafx.base@20.0.1/com.sun.javafx.event.EventUtil.fireEvent(EventUtil.java:54)
	at javafx.base@20.0.1/javafx.event.Event.fireEvent(Event.java:198)
	at javafx.graphics@20.0.1/javafx.scene.Scene$MouseHandler.process(Scene.java:3980)
	at javafx.graphics@20.0.1/javafx.scene.Scene.processMouseEvent(Scene.java:1890)
	at javafx.graphics@20.0.1/javafx.scene.Scene$ScenePeerListener.mouseEvent(Scene.java:2704)
	at javafx.graphics@20.0.1/com.sun.javafx.tk.quantum.GlassViewEventHandler$MouseEventNotification.run(GlassViewEventHandler.java:411)
	at javafx.graphics@20.0.1/com.sun.javafx.tk.quantum.GlassViewEventHandler$MouseEventNotification.run(GlassViewEventHandler.java:301)
	at java.base/java.security.AccessController.doPrivileged(AccessController.java:400)
	at javafx.graphics@20.0.1/com.sun.javafx.tk.quantum.GlassViewEventHandler.lambda$handleMouseEvent$2(GlassViewEventHandler.java:450)
	at javafx.graphics@20.0.1/com.sun.javafx.tk.quantum.QuantumToolkit.runWithoutRenderLock(QuantumToolkit.java:424)
	at javafx.graphics@20.0.1/com.sun.javafx.tk.quantum.GlassViewEventHandler.handleMouseEvent(GlassViewEventHandler.java:449)
	at javafx.graphics@20.0.1/com.sun.glass.ui.View.handleMouseEvent(View.java:551)
	at javafx.graphics@20.0.1/com.sun.glass.ui.View.notifyMouse(View.java:937)
	at javafx.graphics@20.0.1/com.sun.glass.ui.win.WinApplication._runLoop(Native Method)
	at javafx.graphics@20.0.1/com.sun.glass.ui.win.WinApplication.lambda$runLoop$3(WinApplication.java:185)
	at java.base/java.lang.Thread.run(Thread.java:1570)
INFO JavaFX Application Thread de.hitec.nhplus.controller.AllTreatmentController - got [Patient
MNID: LongProperty [value: 1]
Firstname: Seppl
Surname: Herberger
Birthday: StringProperty [value: 1945-12-01]
Carelevel: StringProperty [value: 4]
Roomnumber: StringProperty [value: 202]
Assets: StringProperty [value: vermögend]
, Patient
MNID: LongProperty [value: 2]
Firstname: Martina
Surname: Gerdsen
Birthday: StringProperty [value: 1954-08-12]
Carelevel: StringProperty [value: 5]
Roomnumber: StringProperty [value: 010]
Assets: StringProperty [value: arm]
, Patient
MNID: LongProperty [value: 3]
Firstname: Gertrud
Surname: Franzen
Birthday: StringProperty [value: 1949-04-16]
Carelevel: StringProperty [value: 3]
Roomnumber: StringProperty [value: 002]
Assets: StringProperty [value: normal]
, Patient
MNID: LongProperty [value: 4]
Firstname: Ahmet
Surname: Yilmaz
Birthday: StringProperty [value: 1941-02-22]
Carelevel: StringProperty [value: 3]
Roomnumber: StringProperty [value: 013]
Assets: StringProperty [value: normal]
, Patient
MNID: LongProperty [value: 5]
Firstname: Hans
Surname: Neumann
Birthday: StringProperty [value: 1955-12-12]
Carelevel: StringProperty [value: 2]
Roomnumber: StringProperty [value: 001]
Assets: StringProperty [value: sehr vermögend]
, Patient
MNID: LongProperty [value: 6]
Firstname: Elisabeth
Surname: Müller
Birthday: StringProperty [value: 1958-03-07]
Carelevel: StringProperty [value: 5]
Roomnumber: StringProperty [value: 110]
Assets: StringProperty [value: arm]
, Patient
MNID: LongProperty [value: 8]
Firstname: elise
Surname: maier
Birthday: StringProperty [value: 2032-12-12]
Carelevel: StringProperty [value: 2]
Roomnumber: StringProperty [value: 12]
Assets: StringProperty [value: nix]
] - 7
INFO JavaFX Application Thread de.hitec.nhplus.controller.AllTreatmentController - got [Patient
MNID: LongProperty [value: 1]
Firstname: Seppl
Surname: Herberger
Birthday: StringProperty [value: 1945-12-01]
Carelevel: StringProperty [value: 4]
Roomnumber: StringProperty [value: 202]
Assets: StringProperty [value: vermögend]
, Patient
MNID: LongProperty [value: 2]
Firstname: Martina
Surname: Gerdsen
Birthday: StringProperty [value: 1954-08-12]
Carelevel: StringProperty [value: 5]
Roomnumber: StringProperty [value: 010]
Assets: StringProperty [value: arm]
, Patient
MNID: LongProperty [value: 3]
Firstname: Gertrud
Surname: Franzen
Birthday: StringProperty [value: 1949-04-16]
Carelevel: StringProperty [value: 3]
Roomnumber: StringProperty [value: 002]
Assets: StringProperty [value: normal]
, Patient
MNID: LongProperty [value: 4]
Firstname: Ahmet
Surname: Yilmaz
Birthday: StringProperty [value: 1941-02-22]
Carelevel: StringProperty [value: 3]
Roomnumber: StringProperty [value: 013]
Assets: StringProperty [value: normal]
, Patient
MNID: LongProperty [value: 5]
Firstname: Hans
Surname: Neumann
Birthday: StringProperty [value: 1955-12-12]
Carelevel: StringProperty [value: 2]
Roomnumber: StringProperty [value: 001]
Assets: StringProperty [value: sehr vermögend]
, Patient
MNID: LongProperty [value: 6]
Firstname: Elisabeth
Surname: Müller
Birthday: StringProperty [value: 1958-03-07]
Carelevel: StringProperty [value: 5]
Roomnumber: StringProperty [value: 110]
Assets: StringProperty [value: arm]
, Patient
MNID: LongProperty [value: 8]
Firstname: elise
Surname: maier
Birthday: StringProperty [value: 2032-12-12]
Carelevel: StringProperty [value: 2]
Roomnumber: StringProperty [value: 12]
Assets: StringProperty [value: nix]
] - 7
INFO JavaFX Application Thread de.hitec.nhplus.controller.AllTreatmentController - got [Patient
MNID: LongProperty [value: 1]
Firstname: Seppl
Surname: Herberger
Birthday: StringProperty [value: 1945-12-01]
Carelevel: StringProperty [value: 4]
Roomnumber: StringProperty [value: 202]
Assets: StringProperty [value: vermögend]
, Patient
MNID: LongProperty [value: 2]
Firstname: Martina
Surname: Gerdsen
Birthday: StringProperty [value: 1954-08-12]
Carelevel: StringProperty [value: 5]
Roomnumber: StringProperty [value: 010]
Assets: StringProperty [value: arm]
, Patient
MNID: LongProperty [value: 3]
Firstname: Gertrud
Surname: Franzen
Birthday: StringProperty [value: 1949-04-16]
Carelevel: StringProperty [value: 3]
Roomnumber: StringProperty [value: 002]
Assets: StringProperty [value: normal]
, Patient
MNID: LongProperty [value: 4]
Firstname: Ahmet
Surname: Yilmaz
Birthday: StringProperty [value: 1941-02-22]
Carelevel: StringProperty [value: 3]
Roomnumber: StringProperty [value: 013]
Assets: StringProperty [value: normal]
, Patient
MNID: LongProperty [value: 5]
Firstname: Hans
Surname: Neumann
Birthday: StringProperty [value: 1955-12-12]
Carelevel: StringProperty [value: 2]
Roomnumber: StringProperty [value: 001]
Assets: StringProperty [value: sehr vermögend]
, Patient
MNID: LongProperty [value: 6]
Firstname: Elisabeth
Surname: Müller
Birthday: StringProperty [value: 1958-03-07]
Carelevel: StringProperty [value: 5]
Roomnumber: StringProperty [value: 110]
Assets: StringProperty [value: arm]
, Patient
MNID: LongProperty [value: 8]
Firstname: elise
Surname: maier
Birthday: StringProperty [value: 2032-12-12]
Carelevel: StringProperty [value: 2]
Roomnumber: StringProperty [value: 12]
Assets: StringProperty [value: nix]
] - 7
INFO JavaFX Application Thread de.hitec.nhplus.controller.AllTreatmentController - got [Patient
MNID: LongProperty [value: 1]
Firstname: Seppl
Surname: Herberger
Birthday: StringProperty [value: 1945-12-01]
Carelevel: StringProperty [value: 4]
Roomnumber: StringProperty [value: 202]
Assets: StringProperty [value: vermögend]
, Patient
MNID: LongProperty [value: 2]
Firstname: Martina
Surname: Gerdsen
Birthday: StringProperty [value: 1954-08-12]
Carelevel: StringProperty [value: 5]
Roomnumber: StringProperty [value: 010]
Assets: StringProperty [value: arm]
, Patient
MNID: LongProperty [value: 3]
Firstname: Gertrud
Surname: Franzen
Birthday: StringProperty [value: 1949-04-16]
Carelevel: StringProperty [value: 3]
Roomnumber: StringProperty [value: 002]
Assets: StringProperty [value: normal]
, Patient
MNID: LongProperty [value: 4]
Firstname: Ahmet
Surname: Yilmaz
Birthday: StringProperty [value: 1941-02-22]
Carelevel: StringProperty [value: 3]
Roomnumber: StringProperty [value: 013]
Assets: StringProperty [value: normal]
, Patient
MNID: LongProperty [value: 5]
Firstname: Hans
Surname: Neumann
Birthday: StringProperty [value: 1955-12-12]
Carelevel: StringProperty [value: 2]
Roomnumber: StringProperty [value: 001]
Assets: StringProperty [value: sehr vermögend]
, Patient
MNID: LongProperty [value: 6]
Firstname: Elisabeth
Surname: Müller
Birthday: StringProperty [value: 1958-03-07]
Carelevel: StringProperty [value: 5]
Roomnumber: StringProperty [value: 110]
Assets: StringProperty [value: arm]
, Patient
MNID: LongProperty [value: 8]
Firstname: elise
Surname: maier
Birthday: StringProperty [value: 2032-12-12]
Carelevel: StringProperty [value: 2]
Roomnumber: StringProperty [value: 12]
Assets: StringProperty [value: nix]
] - 7
INFO JavaFX Application Thread de.hitec.nhplus.controller.AllTreatmentController - got [Patient
MNID: LongProperty [value: 1]
Firstname: Seppl
Surname: Herberger
Birthday: StringProperty [value: 1945-12-01]
Carelevel: StringProperty [value: 4]
Roomnumber: StringProperty [value: 202]
, Patient
MNID: LongProperty [value: 2]
Firstname: Martina
Surname: Gerdsen
Birthday: StringProperty [value: 1954-08-12]
Carelevel: StringProperty [value: 5]
Roomnumber: StringProperty [value: 010]
, Patient
MNID: LongProperty [value: 3]
Firstname: Gertrud
Surname: Franzen
Birthday: StringProperty [value: 1949-04-16]
Carelevel: StringProperty [value: 3]
Roomnumber: StringProperty [value: 002]
, Patient
MNID: LongProperty [value: 4]
Firstname: Ahmet
Surname: Yilmaz
Birthday: StringProperty [value: 1941-02-22]
Carelevel: StringProperty [value: 3]
Roomnumber: StringProperty [value: 013]
, Patient
MNID: LongProperty [value: 5]
Firstname: Hans
Surname: Neumann
Birthday: StringProperty [value: 1955-12-12]
Carelevel: StringProperty [value: 2]
Roomnumber: StringProperty [value: 001]
, Patient
MNID: LongProperty [value: 6]
Firstname: Elisabeth
Surname: Müller
Birthday: StringProperty [value: 1958-03-07]
Carelevel: StringProperty [value: 5]
Roomnumber: StringProperty [value: 110]
, Patient
MNID: LongProperty [value: 8]
Firstname: elise
Surname: maier
Birthday: StringProperty [value: 2032-12-12]
Carelevel: StringProperty [value: 2]
Roomnumber: StringProperty [value: 12]
] - 7
INFO JavaFX Application Thread de.hitec.nhplus.controller.AllTreatmentController - got [Patient
MNID: LongProperty [value: 1]
Firstname: Seppl
Surname: Herberger
Birthday: StringProperty [value: 1945-12-01]
Carelevel: StringProperty [value: 4]
Roomnumber: StringProperty [value: 202]
, Patient
MNID: LongProperty [value: 2]
Firstname: Martina
Surname: Gerdsen
Birthday: StringProperty [value: 1954-08-12]
Carelevel: StringProperty [value: 5]
Roomnumber: StringProperty [value: 010]
, Patient
MNID: LongProperty [value: 3]
Firstname: Gertrud
Surname: Franzen
Birthday: StringProperty [value: 1949-04-16]
Carelevel: StringProperty [value: 3]
Roomnumber: StringProperty [value: 002]
, Patient
MNID: LongProperty [value: 4]
Firstname: Ahmet
Surname: Yilmaz
Birthday: StringProperty [value: 1941-02-22]
Carelevel: StringProperty [value: 3]
Roomnumber: StringProperty [value: 013]
, Patient
MNID: LongProperty [value: 5]
Firstname: Hans
Surname: Neumann
Birthday: StringProperty [value: 1955-12-12]
Carelevel: StringProperty [value: 2]
Roomnumber: StringProperty [value: 001]
, Patient
MNID: LongProperty [value: 6]
Firstname: Elisabeth
Surname: Müller
Birthday: StringProperty [value: 1958-03-07]
Carelevel: StringProperty [value: 5]
Roomnumber: StringProperty [value: 110]
] - 6
INFO JavaFX Application Thread de.hitec.nhplus.controller.AllTreatmentController - got [Patient
MNID: LongProperty [value: 1]
Firstname: Seppl
Surname: Herberger
Birthday: StringProperty [value: 1945-12-01]
Carelevel: StringProperty [value: 4]
Roomnumber: StringProperty [value: 202]
, Patient
MNID: LongProperty [value: 2]
Firstname: Martina
Surname: Gerdsen
Birthday: StringProperty [value: 1954-08-12]
Carelevel: StringProperty [value: 5]
Roomnumber: StringProperty [value: 010]
, Patient
MNID: LongProperty [value: 3]
Firstname: Gertrud
Surname: Franzen
Birthday: StringProperty [value: 1949-04-16]
Carelevel: StringProperty [value: 3]
Roomnumber: StringProperty [value: 002]
, Patient
MNID: LongProperty [value: 4]
Firstname: Ahmet
Surname: Yilmaz
Birthday: StringProperty [value: 1941-02-22]
Carelevel: StringProperty [value: 3]
Roomnumber: StringProperty [value: 013]
, Patient
MNID: LongProperty [value: 5]
Firstname: Hans
Surname: Neumann
Birthday: StringProperty [value: 1955-12-12]
Carelevel: StringProperty [value: 2]
Roomnumber: StringProperty [value: 001]
, Patient
MNID: LongProperty [value: 6]
Firstname: Elisabeth
Surname: Müller
Birthday: StringProperty [value: 1958-03-07]
Carelevel: StringProperty [value: 5]
Roomnumber: StringProperty [value: 110]
] - 6
INFO JavaFX Application Thread de.hitec.nhplus.controller.AllTreatmentController - got [Patient
MNID: LongProperty [value: 1]
Firstname: Seppl
Surname: Herberger
Birthday: StringProperty [value: 1945-12-01]
Carelevel: StringProperty [value: 4]
Roomnumber: StringProperty [value: 202]
, Patient
MNID: LongProperty [value: 2]
Firstname: Martina
Surname: Gerdsen
Birthday: StringProperty [value: 1954-08-12]
Carelevel: StringProperty [value: 5]
Roomnumber: StringProperty [value: 010]
, Patient
MNID: LongProperty [value: 3]
Firstname: Gertrud
Surname: Franzen
Birthday: StringProperty [value: 1949-04-16]
Carelevel: StringProperty [value: 3]
Roomnumber: StringProperty [value: 002]
, Patient
MNID: LongProperty [value: 4]
Firstname: Ahmet
Surname: Yilmaz
Birthday: StringProperty [value: 1941-02-22]
Carelevel: StringProperty [value: 3]
Roomnumber: StringProperty [value: 013]
, Patient
MNID: LongProperty [value: 5]
Firstname: Hans
Surname: Neumann
Birthday: StringProperty [value: 1955-12-12]
Carelevel: StringProperty [value: 2]
Roomnumber: StringProperty [value: 001]
, Patient
MNID: LongProperty [value: 6]
Firstname: Elisabeth
Surname: Müller
Birthday: StringProperty [value: 1958-03-07]
Carelevel: StringProperty [value: 5]
Roomnumber: StringProperty [value: 110]
] - 6
INFO JavaFX Application Thread de.hitec.nhplus.controller.AllTreatmentController - got [Patient
MNID: LongProperty [value: 1]
Firstname: Seppl
Surname: Herberger
Birthday: StringProperty [value: 1945-12-01]
Carelevel: StringProperty [value: 4]
Roomnumber: StringProperty [value: 202]
, Patient
MNID: LongProperty [value: 2]
Firstname: Martina
Surname: Gerdsen
Birthday: StringProperty [value: 1954-08-12]
Carelevel: StringProperty [value: 5]
Roomnumber: StringProperty [value: 010]
, Patient
MNID: LongProperty [value: 3]
Firstname: Gertrud
Surname: Franzen
Birthday: StringProperty [value: 1949-04-16]
Carelevel: StringProperty [value: 3]
Roomnumber: StringProperty [value: 002]
, Patient
MNID: LongProperty [value: 4]
Firstname: Ahmet
Surname: Yilmaz
Birthday: StringProperty [value: 1941-02-22]
Carelevel: StringProperty [value: 3]
Roomnumber: StringProperty [value: 013]
, Patient
MNID: LongProperty [value: 5]
Firstname: Hans
Surname: Neumann
Birthday: StringProperty [value: 1955-12-12]
Carelevel: StringProperty [value: 2]
Roomnumber: StringProperty [value: 001]
, Patient
MNID: LongProperty [value: 6]
Firstname: Elisabeth
Surname: Müller
Birthday: StringProperty [value: 1958-03-07]
Carelevel: StringProperty [value: 5]
Roomnumber: StringProperty [value: 110]
] - 6
INFO JavaFX Application Thread de.hitec.nhplus.controller.AllTreatmentController - got [Patient
MNID: LongProperty [value: 1]
Firstname: Seppl
Surname: Herberger
Birthday: StringProperty [value: 1945-12-01]
Carelevel: StringProperty [value: 4]
Roomnumber: StringProperty [value: 202]
, Patient
MNID: LongProperty [value: 2]
Firstname: Martina
Surname: Gerdsen
Birthday: StringProperty [value: 1954-08-12]
Carelevel: StringProperty [value: 5]
Roomnumber: StringProperty [value: 010]
, Patient
MNID: LongProperty [value: 3]
Firstname: Gertrud
Surname: Franzen
Birthday: StringProperty [value: 1949-04-16]
Carelevel: StringProperty [value: 3]
Roomnumber: StringProperty [value: 002]
, Patient
MNID: LongProperty [value: 4]
Firstname: Ahmet
Surname: Yilmaz
Birthday: StringProperty [value: 1941-02-22]
Carelevel: StringProperty [value: 3]
Roomnumber: StringProperty [value: 013]
, Patient
MNID: LongProperty [value: 5]
Firstname: Hans
Surname: Neumann
Birthday: StringProperty [value: 1955-12-12]
Carelevel: StringProperty [value: 2]
Roomnumber: StringProperty [value: 001]
, Patient
MNID: LongProperty [value: 6]
Firstname: Elisabeth
Surname: Müller
Birthday: StringProperty [value: 1958-03-07]
Carelevel: StringProperty [value: 5]
Roomnumber: StringProperty [value: 110]
] - 6
INFO JavaFX Application Thread de.hitec.nhplus.controller.AllTreatmentController - got [Patient
MNID: LongProperty [value: 1]
Firstname: Seppl
Surname: Herberger
Birthday: StringProperty [value: 1945-12-01]
Carelevel: StringProperty [value: 4]
Roomnumber: StringProperty [value: 202]
, Patient
MNID: LongProperty [value: 2]
Firstname: Martina
Surname: Gerdsen
Birthday: StringProperty [value: 1954-08-12]
Carelevel: StringProperty [value: 5]
Roomnumber: StringProperty [value: 010]
, Patient
MNID: LongProperty [value: 3]
Firstname: Gertrud
Surname: Franzen
Birthday: StringProperty [value: 1949-04-16]
Carelevel: StringProperty [value: 3]
Roomnumber: StringProperty [value: 002]
, Patient
MNID: LongProperty [value: 4]
Firstname: Ahmet
Surname: Yilmaz
Birthday: StringProperty [value: 1941-02-22]
Carelevel: StringProperty [value: 3]
Roomnumber: StringProperty [value: 013]
, Patient
MNID: LongProperty [value: 5]
Firstname: Hans
Surname: Neumann
Birthday: StringProperty [value: 1955-12-12]
Carelevel: StringProperty [value: 2]
Roomnumber: StringProperty [value: 001]
, Patient
MNID: LongProperty [value: 6]
Firstname: Elisabeth
Surname: Müller
Birthday: StringProperty [value: 1958-03-07]
Carelevel: StringProperty [value: 5]
Roomnumber: StringProperty [value: 110]
] - 6
INFO JavaFX Application Thread de.hitec.nhplus.controller.AllTreatmentController - got [Patient
MNID: LongProperty [value: 1]
Firstname: Seppl
Surname: Herberger
Birthday: StringProperty [value: 1945-12-01]
Carelevel: StringProperty [value: 4]
Roomnumber: StringProperty [value: 202]
, Patient
MNID: LongProperty [value: 2]
Firstname: Martina
Surname: Gerdsen
Birthday: StringProperty [value: 1954-08-12]
Carelevel: StringProperty [value: 5]
Roomnumber: StringProperty [value: 010]
, Patient
MNID: LongProperty [value: 3]
Firstname: Gertrud
Surname: Franzen
Birthday: StringProperty [value: 1949-04-16]
Carelevel: StringProperty [value: 3]
Roomnumber: StringProperty [value: 002]
, Patient
MNID: LongProperty [value: 4]
Firstname: Ahmet
Surname: Yilmaz
Birthday: StringProperty [value: 1941-02-22]
Carelevel: StringProperty [value: 3]
Roomnumber: StringProperty [value: 013]
, Patient
MNID: LongProperty [value: 5]
Firstname: Hans
Surname: Neumann
Birthday: StringProperty [value: 1955-12-12]
Carelevel: StringProperty [value: 2]
Roomnumber: StringProperty [value: 001]
, Patient
MNID: LongProperty [value: 6]
Firstname: Elisabeth
Surname: Müller
Birthday: StringProperty [value: 1958-03-07]
Carelevel: StringProperty [value: 5]
Roomnumber: StringProperty [value: 110]
] - 6
INFO JavaFX Application Thread de.hitec.nhplus.controller.AllTreatmentController - got [Patient
MNID: LongProperty [value: 1]
Firstname: Seppl
Surname: Herberger
Birthday: StringProperty [value: 1945-12-01]
Carelevel: StringProperty [value: 4]
Roomnumber: StringProperty [value: 202]
, Patient
MNID: LongProperty [value: 2]
Firstname: Martina
Surname: Gerdsen
Birthday: StringProperty [value: 1954-08-12]
Carelevel: StringProperty [value: 5]
Roomnumber: StringProperty [value: 010]
, Patient
MNID: LongProperty [value: 3]
Firstname: Gertrud
Surname: Franzen
Birthday: StringProperty [value: 1949-04-16]
Carelevel: StringProperty [value: 3]
Roomnumber: StringProperty [value: 002]
, Patient
MNID: LongProperty [value: 4]
Firstname: Ahmet
Surname: Yilmaz
Birthday: StringProperty [value: 1941-02-22]
Carelevel: StringProperty [value: 3]
Roomnumber: StringProperty [value: 013]
, Patient
MNID: LongProperty [value: 5]
Firstname: Hans
Surname: Neumann
Birthday: StringProperty [value: 1955-12-12]
Carelevel: StringProperty [value: 2]
Roomnumber: StringProperty [value: 001]
, Patient
MNID: LongProperty [value: 6]
Firstname: Elisabeth
Surname: Müller
Birthday: StringProperty [value: 1958-03-07]
Carelevel: StringProperty [value: 5]
Roomnumber: StringProperty [value: 110]
] - 6
INFO JavaFX Application Thread de.hitec.nhplus.controller.AllTreatmentController - got [Patient
MNID: LongProperty [value: 1]
Firstname: Seppl
Surname: Herberger
Birthday: StringProperty [value: 1945-12-01]
Carelevel: StringProperty [value: 4]
Roomnumber: StringProperty [value: 202]
, Patient
MNID: LongProperty [value: 2]
Firstname: Martina
Surname: Gerdsen
Birthday: StringProperty [value: 1954-08-12]
Carelevel: StringProperty [value: 5]
Roomnumber: StringProperty [value: 010]
, Patient
MNID: LongProperty [value: 3]
Firstname: Gertrud
Surname: Franzen
Birthday: StringProperty [value: 1949-04-16]
Carelevel: StringProperty [value: 3]
Roomnumber: StringProperty [value: 002]
, Patient
MNID: LongProperty [value: 4]
Firstname: Ahmet
Surname: Yilmaz
Birthday: StringProperty [value: 1941-02-22]
Carelevel: StringProperty [value: 3]
Roomnumber: StringProperty [value: 013]
, Patient
MNID: LongProperty [value: 5]
Firstname: Hans
Surname: Neumann
Birthday: StringProperty [value: 1955-12-12]
Carelevel: StringProperty [value: 2]
Roomnumber: StringProperty [value: 001]
, Patient
MNID: LongProperty [value: 6]
Firstname: Elisabeth
Surname: Müller
Birthday: StringProperty [value: 1958-03-07]
Carelevel: StringProperty [value: 5]
Roomnumber: StringProperty [value: 110]
] - 6
INFO JavaFX Application Thread de.hitec.nhplus.controller.AllTreatmentController - got [Patient
MNID: LongProperty [value: 1]
Firstname: Seppl
Surname: Herberger
Birthday: StringProperty [value: 1945-12-01]
Carelevel: StringProperty [value: 4]
Roomnumber: StringProperty [value: 202]
, Patient
MNID: LongProperty [value: 2]
Firstname: Martina
Surname: Gerdsen
Birthday: StringProperty [value: 1954-08-12]
Carelevel: StringProperty [value: 5]
Roomnumber: StringProperty [value: 010]
, Patient
MNID: LongProperty [value: 3]
Firstname: Gertrud
Surname: Franzen
Birthday: StringProperty [value: 1949-04-16]
Carelevel: StringProperty [value: 3]
Roomnumber: StringProperty [value: 002]
, Patient
MNID: LongProperty [value: 4]
Firstname: Ahmet
Surname: Yilmaz
Birthday: StringProperty [value: 1941-02-22]
Carelevel: StringProperty [value: 3]
Roomnumber: StringProperty [value: 013]
, Patient
MNID: LongProperty [value: 5]
Firstname: Hans
Surname: Neumann
Birthday: StringProperty [value: 1955-12-12]
Carelevel: StringProperty [value: 2]
Roomnumber: StringProperty [value: 001]
, Patient
MNID: LongProperty [value: 6]
Firstname: Elisabeth
Surname: Müller
Birthday: StringProperty [value: 1958-03-07]
Carelevel: StringProperty [value: 5]
Roomnumber: StringProperty [value: 110]
] - 6
INFO JavaFX Application Thread de.hitec.nhplus.controller.AllTreatmentController - got [Patient
MNID: LongProperty [value: 1]
Firstname: Seppl
Surname: Herberger
Birthday: StringProperty [value: 1945-12-01]
Carelevel: StringProperty [value: 4]
Roomnumber: StringProperty [value: 202]
, Patient
MNID: LongProperty [value: 2]
Firstname: Martina
Surname: Gerdsen
Birthday: StringProperty [value: 1954-08-12]
Carelevel: StringProperty [value: 5]
Roomnumber: StringProperty [value: 010]
, Patient
MNID: LongProperty [value: 3]
Firstname: Gertrud
Surname: Franzen
Birthday: StringProperty [value: 1949-04-16]
Carelevel: StringProperty [value: 3]
Roomnumber: StringProperty [value: 002]
, Patient
MNID: LongProperty [value: 4]
Firstname: Ahmet
Surname: Yilmaz
Birthday: StringProperty [value: 1941-02-22]
Carelevel: StringProperty [value: 3]
Roomnumber: StringProperty [value: 013]
, Patient
MNID: LongProperty [value: 5]
Firstname: Hans
Surname: Neumann
Birthday: StringProperty [value: 1955-12-12]
Carelevel: StringProperty [value: 2]
Roomnumber: StringProperty [value: 001]
, Patient
MNID: LongProperty [value: 6]
Firstname: Elisabeth
Surname: Müller
Birthday: StringProperty [value: 1958-03-07]
Carelevel: StringProperty [value: 5]
Roomnumber: StringProperty [value: 110]
] - 6
INFO JavaFX Application Thread de.hitec.nhplus.controller.AllTreatmentController - got [Patient
MNID: LongProperty [value: 1]
Firstname: Seppl
Surname: Herberger
Birthday: StringProperty [value: 1945-12-01]
Carelevel: StringProperty [value: 4]
Roomnumber: StringProperty [value: 202]
, Patient
MNID: LongProperty [value: 2]
Firstname: Martina
Surname: Gerdsen
Birthday: StringProperty [value: 1954-08-12]
Carelevel: StringProperty [value: 5]
Roomnumber: StringProperty [value: 010]
, Patient
MNID: LongProperty [value: 3]
Firstname: Gertrud
Surname: Franzen
Birthday: StringProperty [value: 1949-04-16]
Carelevel: StringProperty [value: 3]
Roomnumber: StringProperty [value: 002]
, Patient
MNID: LongProperty [value: 4]
Firstname: Ahmet
Surname: Yilmaz
Birthday: StringProperty [value: 1941-02-22]
Carelevel: StringProperty [value: 3]
Roomnumber: StringProperty [value: 013]
, Patient
MNID: LongProperty [value: 5]
Firstname: Hans
Surname: Neumann
Birthday: StringProperty [value: 1955-12-12]
Carelevel: StringProperty [value: 2]
Roomnumber: StringProperty [value: 001]
, Patient
MNID: LongProperty [value: 6]
Firstname: Elisabeth
Surname: Müller
Birthday: StringProperty [value: 1958-03-07]
Carelevel: StringProperty [value: 5]
Roomnumber: StringProperty [value: 110]
] - 6
INFO JavaFX Application Thread de.hitec.nhplus.controller.AllTreatmentController - got [Patient
MNID: LongProperty [value: 1]
Firstname: Seppl
Surname: Herberger
Birthday: StringProperty [value: 1945-12-01]
Carelevel: StringProperty [value: 4]
Roomnumber: StringProperty [value: 202]
, Patient
MNID: LongProperty [value: 2]
Firstname: Martina
Surname: Gerdsen
Birthday: StringProperty [value: 1954-08-12]
Carelevel: StringProperty [value: 5]
Roomnumber: StringProperty [value: 010]
, Patient
MNID: LongProperty [value: 3]
Firstname: Gertrud
Surname: Franzen
Birthday: StringProperty [value: 1949-04-16]
Carelevel: StringProperty [value: 3]
Roomnumber: StringProperty [value: 002]
, Patient
MNID: LongProperty [value: 4]
Firstname: Ahmet
Surname: Yilmaz
Birthday: StringProperty [value: 1941-02-22]
Carelevel: StringProperty [value: 3]
Roomnumber: StringProperty [value: 013]
, Patient
MNID: LongProperty [value: 5]
Firstname: Hans
Surname: Neumann
Birthday: StringProperty [value: 1955-12-12]
Carelevel: StringProperty [value: 2]
Roomnumber: StringProperty [value: 001]
, Patient
MNID: LongProperty [value: 6]
Firstname: Elisabeth
Surname: Müller
Birthday: StringProperty [value: 1958-03-07]
Carelevel: StringProperty [value: 5]
Roomnumber: StringProperty [value: 110]
] - 6
INFO JavaFX Application Thread de.hitec.nhplus.controller.AllTreatmentController - got [Patient
MNID: LongProperty [value: 2]
Firstname: Martina
Surname: Gerdsen
Birthday: StringProperty [value: 1954-08-12]
Carelevel: StringProperty [value: 5]
Roomnumber: StringProperty [value: 010]
, Patient
MNID: LongProperty [value: 3]
Firstname: Gertrud
Surname: Franzen
Birthday: StringProperty [value: 1949-04-16]
Carelevel: StringProperty [value: 3]
Roomnumber: StringProperty [value: 002]
, Patient
MNID: LongProperty [value: 4]
Firstname: Ahmet
Surname: Yilmaz
Birthday: StringProperty [value: 1941-02-22]
Carelevel: StringProperty [value: 3]
Roomnumber: StringProperty [value: 013]
, Patient
MNID: LongProperty [value: 5]
Firstname: Hans
Surname: Neumann
Birthday: StringProperty [value: 1955-12-12]
Carelevel: StringProperty [value: 2]
Roomnumber: StringProperty [value: 001]
, Patient
MNID: LongProperty [value: 6]
Firstname: Elisabeth
Surname: Müller
Birthday: StringProperty [value: 1958-03-07]
Carelevel: StringProperty [value: 5]
Roomnumber: StringProperty [value: 110]
] - 5
INFO JavaFX Application Thread de.hitec.nhplus.controller.AllTreatmentController - got [Patient
MNID: LongProperty [value: 2]
Firstname: Martina
Surname: Gerdsen
Birthday: StringProperty [value: 1954-08-12]
Carelevel: StringProperty [value: 5]
Roomnumber: StringProperty [value: 010]
, Patient
MNID: LongProperty [value: 3]
Firstname: Gertrud
Surname: Franzen
Birthday: StringProperty [value: 1949-04-16]
Carelevel: StringProperty [value: 3]
Roomnumber: StringProperty [value: 002]
, Patient
MNID: LongProperty [value: 4]
Firstname: Ahmet
Surname: Yilmaz
Birthday: StringProperty [value: 1941-02-22]
Carelevel: StringProperty [value: 3]
Roomnumber: StringProperty [value: 013]
, Patient
MNID: LongProperty [value: 5]
Firstname: Hans
Surname: Neumann
Birthday: StringProperty [value: 1955-12-12]
Carelevel: StringProperty [value: 2]
Roomnumber: StringProperty [value: 001]
, Patient
MNID: LongProperty [value: 6]
Firstname: Elisabeth
Surname: Müller
Birthday: StringProperty [value: 1958-03-07]
Carelevel: StringProperty [value: 5]
Roomnumber: StringProperty [value: 110]
] - 5
INFO JavaFX Application Thread de.hitec.nhplus.controller.AllTreatmentController - got [Patient
MNID: LongProperty [value: 2]
Firstname: Martina
Surname: Gerdsen
Birthday: StringProperty [value: 1954-08-12]
Carelevel: StringProperty [value: 5]
Roomnumber: StringProperty [value: 010]
, Patient
MNID: LongProperty [value: 3]
Firstname: Gertrud
Surname: Franzen
Birthday: StringProperty [value: 1949-04-16]
Carelevel: StringProperty [value: 3]
Roomnumber: StringProperty [value: 002]
, Patient
MNID: LongProperty [value: 4]
Firstname: Ahmet
Surname: Yilmaz
Birthday: StringProperty [value: 1941-02-22]
Carelevel: StringProperty [value: 3]
Roomnumber: StringProperty [value: 013]
, Patient
MNID: LongProperty [value: 5]
Firstname: Hans
Surname: Neumann
Birthday: StringProperty [value: 1955-12-12]
Carelevel: StringProperty [value: 2]
Roomnumber: StringProperty [value: 001]
, Patient
MNID: LongProperty [value: 6]
Firstname: Elisabeth
Surname: Müller
Birthday: StringProperty [value: 1958-03-07]
Carelevel: StringProperty [value: 5]
Roomnumber: StringProperty [value: 110]
] - 5
INFO JavaFX Application Thread de.hitec.nhplus.controller.AllTreatmentController - got [Patient
MNID: LongProperty [value: 2]
Firstname: Martina
Surname: Gerdsen
Birthday: StringProperty [value: 1954-08-12]
Carelevel: StringProperty [value: 5]
Roomnumber: StringProperty [value: 010]
, Patient
MNID: LongProperty [value: 3]
Firstname: Gertrud
Surname: Franzen
Birthday: StringProperty [value: 1949-04-16]
Carelevel: StringProperty [value: 3]
Roomnumber: StringProperty [value: 002]
, Patient
MNID: LongProperty [value: 4]
Firstname: Ahmet
Surname: Yilmaz
Birthday: StringProperty [value: 1941-02-22]
Carelevel: StringProperty [value: 3]
Roomnumber: StringProperty [value: 013]
, Patient
MNID: LongProperty [value: 5]
Firstname: Hans
Surname: Neumann
Birthday: StringProperty [value: 1955-12-12]
Carelevel: StringProperty [value: 2]
Roomnumber: StringProperty [value: 001]
, Patient
MNID: LongProperty [value: 6]
Firstname: Elisabeth
Surname: Müller
Birthday: StringProperty [value: 1958-03-07]
Carelevel: StringProperty [value: 5]
Roomnumber: StringProperty [value: 110]
] - 5
